app/build/intermediates/manifest_merge_blame_file/debug/manifest-merger-blame-debug-report.txt
1<?xml version="1.0" encoding="utf-8"?>
2<manifest xmlns:android="http://schemas.android.com/apk/res/android"
3    package="com.example.hamediabridge"
4    android:versionCode="1"
5    android:versionName="1.0" >
6
7    <uses-sdk
8        android:minSdkVersion="26"
9        android:targetSdkVersion="34" />
10
11    <uses-permission android:name="android.permission.INTERNET" />
11-->src/main/AndroidManifest.xml:5:5-67
11-->src/main/AndroidManifest.xml:5:22-64
12    <uses-permission android:name="android.permission.FOREGROUND_SERVICE" />
12-->src/main/AndroidManifest.xml:6:5-77
12-->src/main/AndroidManifest.xml:6:22-74
13    <uses-permission android:name="android.permission.FOREGROUND_SERVICE_MEDIA_PLAYBACK" />
13-->src/main/AndroidManifest.xml:7:5-92
13-->src/main/AndroidManifest.xml:7:22-89
14    <uses-permission android:name="android.permission.RECEIVE_BOOT_COMPLETED" />
14-->src/main/AndroidManifest.xml:8:5-81
14-->src/main/AndroidManifest.xml:8:22-78
15    <uses-permission android:name="android.permission.POST_NOTIFICATIONS" />
15-->src/main/AndroidManifest.xml:9:5-77
15-->src/main/AndroidManifest.xml:9:22-74
16
17    <queries>
17-->[net.openid:appauth:0.11.1] AndroidManifest.xml:24:5-32:15
18        <intent>
18-->[net.openid:appauth:0.11.1] AndroidManifest.xml:25:9-31:18
19            <action android:name="android.intent.action.VIEW" />
19-->[net.openid:appauth:0.11.1] AndroidManifest.xml:26:13-65
19-->[net.openid:appauth:0.11.1] AndroidManifest.xml:26:21-62
20
21            <category android:name="android.intent.category.BROWSABLE" />
21-->[net.openid:appauth:0.11.1] AndroidManifest.xml:28:13-74
21-->[net.openid:appauth:0.11.1] AndroidManifest.xml:28:23-71
22
23            <data android:scheme="https" />
23-->[net.openid:appauth:0.11.1] AndroidManifest.xml:30:13-44
23-->[net.openid:appauth:0.11.1] AndroidManifest.xml:30:19-41
24        </intent>
25    </queries>
26
27    <permission
27-->[androidx.core:core:1.12.0] AndroidManifest.xml:22:5-24:47
28        android:name="com.example.hamediabridge.DYNAMIC_RECEIVER_NOT_EXPORTED_PERMISSION"
28-->[androidx.core:core:1.12.0] AndroidManifest.xml:23:9-81
29        android:protectionLevel="signature" />
29-->[androidx.core:core:1.12.0] AndroidManifest.xml:24:9-44
30
31    <uses-permission android:name="com.example.hamediabridge.DYNAMIC_RECEIVER_NOT_EXPORTED_PERMISSION" />
31-->[androidx.core:core:1.12.0] AndroidManifest.xml:26:5-97
31-->[androidx.core:core:1.12.0] AndroidManifest.xml:26:22-94
32
33    <application
33-->src/main/AndroidManifest.xml:11:5-57:19
34        android:allowBackup="true"
34-->src/main/AndroidManifest.xml:12:9-35
35        android:appComponentFactory="androidx.core.app.CoreComponentFactory"
35-->[androidx.core:core:1.12.0] AndroidManifest.xml:28:18-86
36        android:debuggable="true"
37        android:extractNativeLibs="false"
38        android:icon="@mipmap/ic_launcher"
38-->src/main/AndroidManifest.xml:13:9-43
39        android:label="@string/app_name"
39-->src/main/AndroidManifest.xml:14:9-41
40        android:networkSecurityConfig="@xml/network_security_config"
40-->src/main/AndroidManifest.xml:17:9-69
41        android:supportsRtl="true"
41-->src/main/AndroidManifest.xml:15:9-35
42        android:theme="@style/Theme.HAMediaBridge"
42-->src/main/AndroidManifest.xml:16:9-51
43        android:usesCleartextTraffic="true" >
43-->src/main/AndroidManifest.xml:18:9-44
44        <activity
44-->src/main/AndroidManifest.xml:20:9-27:20
45            android:name="com.example.hamediabridge.MainActivity"
45-->src/main/AndroidManifest.xml:21:13-41
46            android:exported="true" >
46-->src/main/AndroidManifest.xml:22:13-36
47            <intent-filter>
47-->src/main/AndroidManifest.xml:23:13-26:29
48                <action android:name="android.intent.action.MAIN" />
48-->src/main/AndroidManifest.xml:24:17-69
48-->src/main/AndroidManifest.xml:24:25-66
49
50                <category android:name="android.intent.category.LAUNCHER" />
50-->src/main/AndroidManifest.xml:25:17-77
50-->src/main/AndroidManifest.xml:25:27-74
51            </intent-filter>
52        </activity>
53
54        <service
54-->src/main/AndroidManifest.xml:29:9-39:19
55            android:name="com.example.hamediabridge.MediaButtonService"
55-->src/main/AndroidManifest.xml:30:13-47
56            android:exported="true"
56-->src/main/AndroidManifest.xml:31:13-36
57            android:foregroundServiceType="mediaPlayback" >
57-->src/main/AndroidManifest.xml:32:13-58
58            <intent-filter>
58-->src/main/AndroidManifest.xml:33:13-35:29
59                <action android:name="android.media.browse.MediaBrowserService" />
59-->src/main/AndroidManifest.xml:34:17-83
59-->src/main/AndroidManifest.xml:34:25-80
60            </intent-filter>
61            <intent-filter>
61-->src/main/AndroidManifest.xml:36:13-38:29
62                <action android:name="android.intent.action.MEDIA_BUTTON" />
62-->src/main/AndroidManifest.xml:37:17-77
62-->src/main/AndroidManifest.xml:37:25-74
63            </intent-filter>
64        </service>
65
66        <receiver
66-->src/main/AndroidManifest.xml:41:9-47:20
67            android:name="androidx.media.session.MediaButtonReceiver"
67-->src/main/AndroidManifest.xml:42:13-70
68            android:exported="true" >
68-->src/main/AndroidManifest.xml:43:13-36
69            <intent-filter>
69-->src/main/AndroidManifest.xml:36:13-38:29
70                <action android:name="android.intent.action.MEDIA_BUTTON" />
70-->src/main/AndroidManifest.xml:37:17-77
70-->src/main/AndroidManifest.xml:37:25-74
71            </intent-filter>
72        </receiver>
73        <receiver
73-->src/main/AndroidManifest.xml:49:9-55:20
74            android:name="com.example.hamediabridge.BootReceiver"
74-->src/main/AndroidManifest.xml:50:13-41
75            android:exported="false" >
75-->src/main/AndroidManifest.xml:51:13-37
76            <intent-filter>
76-->src/main/AndroidManifest.xml:52:13-54:29
77                <action android:name="android.intent.action.BOOT_COMPLETED" />
77-->src/main/AndroidManifest.xml:53:17-79
77-->src/main/AndroidManifest.xml:53:25-76
78            </intent-filter>
79        </receiver>
80
81        <activity
81-->[net.openid:appauth:0.11.1] AndroidManifest.xml:35:9-40:77
82            android:name="net.openid.appauth.AuthorizationManagementActivity"
82-->[net.openid:appauth:0.11.1] AndroidManifest.xml:36:13-78
83            android:configChanges="screenSize|smallestScreenSize|screenLayout|orientation|keyboard|keyboardHidden"
83-->[net.openid:appauth:0.11.1] AndroidManifest.xml:37:13-115
84            android:exported="false"
84-->[net.openid:appauth:0.11.1] AndroidManifest.xml:38:13-37
85            android:launchMode="singleTask"
85-->[net.openid:appauth:0.11.1] AndroidManifest.xml:39:13-44
86            android:theme="@style/Theme.AppCompat.Translucent.NoTitleBar" />
86-->[net.openid:appauth:0.11.1] AndroidManifest.xml:40:13-74
87        <activity
87-->[net.openid:appauth:0.11.1] AndroidManifest.xml:41:9-52:20
88            android:name="net.openid.appauth.RedirectUriReceiverActivity"
88-->[net.openid:appauth:0.11.1] AndroidManifest.xml:42:13-74
89            android:exported="true" >
89-->[net.openid:appauth:0.11.1] AndroidManifest.xml:43:13-36
90            <intent-filter>
90-->[net.openid:appauth:0.11.1] AndroidManifest.xml:44:13-51:29
91                <action android:name="android.intent.action.VIEW" />
91-->[net.openid:appauth:0.11.1] AndroidManifest.xml:26:13-65
91-->[net.openid:appauth:0.11.1] AndroidManifest.xml:26:21-62
92
93                <category android:name="android.intent.category.DEFAULT" />
93-->[net.openid:appauth:0.11.1] AndroidManifest.xml:47:17-76
93-->[net.openid:appauth:0.11.1] AndroidManifest.xml:47:27-73
94                <category android:name="android.intent.category.BROWSABLE" />
94-->[net.openid:appauth:0.11.1] AndroidManifest.xml:28:13-74
94-->[net.openid:appauth:0.11.1] AndroidManifest.xml:28:23-71
95
96                <data android:scheme="hamediabridge" />
96-->[net.openid:appauth:0.11.1] AndroidManifest.xml:30:13-44
96-->[net.openid:appauth:0.11.1] AndroidManifest.xml:30:19-41
97            </intent-filter>
98        </activity>
99
100        <provider
100-->[androidx.emoji2:emoji2:1.2.0] AndroidManifest.xml:24:9-32:20
101            android:name="androidx.startup.InitializationProvider"
101-->[androidx.emoji2:emoji2:1.2.0] AndroidManifest.xml:25:13-67
102            android:authorities="com.example.hamediabridge.androidx-startup"
102-->[androidx.emoji2:emoji2:1.2.0] AndroidManifest.xml:26:13-68
103            android:exported="false" >
103-->[androidx.emoji2:emoji2:1.2.0] AndroidManifest.xml:27:13-37
104            <meta-data
104-->[androidx.emoji2:emoji2:1.2.0] AndroidManifest.xml:29:13-31:52
105                android:name="androidx.emoji2.text.EmojiCompatInitializer"
105-->[androidx.emoji2:emoji2:1.2.0] AndroidManifest.xml:30:17-75
106                android:value="androidx.startup" />
106-->[androidx.emoji2:emoji2:1.2.0] AndroidManifest.xml:31:17-49
107            <meta-data
107-->[androidx.lifecycle:lifecycle-process:2.6.1] AndroidManifest.xml:29:13-31:52
108                android:name="androidx.lifecycle.ProcessLifecycleInitializer"
108-->[androidx.lifecycle:lifecycle-process:2.6.1] AndroidManifest.xml:30:17-78
109                android:value="androidx.startup" />
109-->[androidx.lifecycle:lifecycle-process:2.6.1] AndroidManifest.xml:31:17-49
110            <meta-data
110-->[androidx.profileinstaller:profileinstaller:1.3.0] AndroidManifest.xml:29:13-31:52
111                android:name="androidx.profileinstaller.ProfileInstallerInitializer"
111-->[androidx.profileinstaller:profileinstaller:1.3.0] AndroidManifest.xml:30:17-85
112                android:value="androidx.startup" />
112-->[androidx.profileinstaller:profileinstaller:1.3.0] AndroidManifest.xml:31:17-49
113        </provider>
114
115        <receiver
115-->[androidx.profileinstaller:profileinstaller:1.3.0] AndroidManifest.xml:34:9-52:20
116            android:name="androidx.profileinstaller.ProfileInstallReceiver"
116-->[androidx.profileinstaller:profileinstaller:1.3.0] AndroidManifest.xml:35:13-76
117            android:directBootAware="false"
117-->[androidx.profileinstaller:profileinstaller:1.3.0] AndroidManifest.xml:36:13-44
118            android:enabled="true"
118-->[androidx.profileinstaller:profileinstaller:1.3.0] AndroidManifest.xml:37:13-35
119            android:exported="true"
119-->[androidx.profileinstaller:profileinstaller:1.3.0] AndroidManifest.xml:38:13-36
120            android:permission="android.permission.DUMP" >
120-->[androidx.profileinstaller:profileinstaller:1.3.0] AndroidManifest.xml:39:13-57
121            <intent-filter>
121-->[androidx.profileinstaller:profileinstaller:1.3.0] AndroidManifest.xml:40:13-42:29
122                <action android:name="androidx.profileinstaller.action.INSTALL_PROFILE" />
122-->[androidx.profileinstaller:profileinstaller:1.3.0] AndroidManifest.xml:41:17-91
122-->[androidx.profileinstaller:profileinstaller:1.3.0] AndroidManifest.xml:41:25-88
123            </intent-filter>
124            <intent-filter>
124-->[androidx.profileinstaller:profileinstaller:1.3.0] AndroidManifest.xml:43:13-45:29
125                <action android:name="androidx.profileinstaller.action.SKIP_FILE" />
125-->[androidx.profileinstaller:profileinstaller:1.3.0] AndroidManifest.xml:44:17-85
125-->[androidx.profileinstaller:profileinstaller:1.3.0] AndroidManifest.xml:44:25-82
126            </intent-filter>
127            <intent-filter>
127-->[androidx.profileinstaller:profileinstaller:1.3.0] AndroidManifest.xml:46:13-48:29
128                <action android:name="androidx.profileinstaller.action.SAVE_PROFILE" />
128-->[androidx.profileinstaller:profileinstaller:1.3.0] AndroidManifest.xml:47:17-88
128-->[androidx.profileinstaller:profileinstaller:1.3.0] AndroidManifest.xml:47:25-85
129            </intent-filter>
130            <intent-filter>
130-->[androidx.profileinstaller:profileinstaller:1.3.0] AndroidManifest.xml:49:13-51:29
131                <action android:name="androidx.profileinstaller.action.BENCHMARK_OPERATION" />
131-->[androidx.profileinstaller:profileinstaller:1.3.0] AndroidManifest.xml:50:17-95
131-->[androidx.profileinstaller:profileinstaller:1.3.0] AndroidManifest.xml:50:25-92
132            </intent-filter>
133        </receiver>
134    </application>
135
136</manifest>